{"name":"hexo","hostname":"³ÂÌØÁ¢¡®s","pid":5992,"level":20,"msg":"Hexo version: \u001b[35m3.7.0\u001b[39m","time":"2018-06-06T16:19:02.065Z","v":0}
{"name":"hexo","hostname":"³ÂÌØÁ¢¡®s","pid":5992,"level":20,"msg":"Working directory: \u001b[35mF:\\test\\blog\\\u001b[39m","time":"2018-06-06T16:19:02.069Z","v":0}
{"name":"hexo","hostname":"³ÂÌØÁ¢¡®s","pid":5992,"level":20,"msg":"Config loaded: \u001b[35mF:\\test\\blog\\_config.yml\u001b[39m","time":"2018-06-06T16:19:02.240Z","v":0}
{"name":"hexo","hostname":"³ÂÌØÁ¢¡®s","pid":5992,"level":20,"msg":"Plugin loaded: \u001b[35mhexo-deployer-git\u001b[39m","time":"2018-06-06T16:19:02.310Z","v":0}
{"name":"hexo","hostname":"³ÂÌØÁ¢¡®s","pid":5992,"level":20,"msg":"Plugin loaded: \u001b[35mhexo-generator-archive\u001b[39m","time":"2018-06-06T16:19:02.316Z","v":0}
{"name":"hexo","hostname":"³ÂÌØÁ¢¡®s","pid":5992,"level":20,"msg":"Plugin loaded: \u001b[35mhexo-generator-category\u001b[39m","time":"2018-06-06T16:19:02.320Z","v":0}
{"name":"hexo","hostname":"³ÂÌØÁ¢¡®s","pid":5992,"level":20,"msg":"Plugin loaded: \u001b[35mhexo-generator-index\u001b[39m","time":"2018-06-06T16:19:02.329Z","v":0}
{"name":"hexo","hostname":"³ÂÌØÁ¢¡®s","pid":5992,"level":20,"msg":"Plugin loaded: \u001b[35mhexo-generator-tag\u001b[39m","time":"2018-06-06T16:19:02.332Z","v":0}
{"name":"hexo","hostname":"³ÂÌØÁ¢¡®s","pid":5992,"level":20,"msg":"Plugin loaded: \u001b[35mhexo-renderer-ejs\u001b[39m","time":"2018-06-06T16:19:02.339Z","v":0}
{"name":"hexo","hostname":"³ÂÌØÁ¢¡®s","pid":5992,"level":20,"msg":"Plugin loaded: \u001b[35mhexo-renderer-marked\u001b[39m","time":"2018-06-06T16:19:02.354Z","v":0}
{"name":"hexo","hostname":"³ÂÌØÁ¢¡®s","pid":5992,"level":20,"msg":"Plugin loaded: \u001b[35mhexo-renderer-stylus\u001b[39m","time":"2018-06-06T16:19:02.357Z","v":0}
{"name":"hexo","hostname":"³ÂÌØÁ¢¡®s","pid":5992,"level":20,"msg":"Plugin loaded: \u001b[35mhexo-server\u001b[39m","time":"2018-06-06T16:19:02.540Z","v":0}
{"name":"hexo","hostname":"³ÂÌØÁ¢¡®s","pid":5992,"level":20,"msg":"Loading database.","time":"2018-06-06T16:19:02.564Z","v":0}
{"name":"hexo","hostname":"³ÂÌØÁ¢¡®s","pid":5992,"level":30,"msg":"Start processing","time":"2018-06-06T16:19:02.787Z","v":0}
{"name":"hexo","hostname":"³ÂÌØÁ¢¡®s","pid":5992,"level":20,"msg":"Processed: \u001b[35mCNAME\u001b[39m","time":"2018-06-06T16:19:02.883Z","v":0}
{"name":"hexo","hostname":"³ÂÌØÁ¢¡®s","pid":5992,"level":20,"msg":"Processed: \u001b[35m_posts/1.md\u001b[39m","time":"2018-06-06T16:19:03.013Z","v":0}
{"name":"hexo","hostname":"³ÂÌØÁ¢¡®s","pid":5992,"level":20,"msg":"Processed: \u001b[35m_posts/CSS-Triangle.md\u001b[39m","time":"2018-06-06T16:19:03.014Z","v":0}
{"name":"hexo","hostname":"³ÂÌØÁ¢¡®s","pid":5992,"level":20,"msg":"Processed: \u001b[35m_posts/CSS-Attribute.md\u001b[39m","time":"2018-06-06T16:19:03.016Z","v":0}
{"name":"hexo","hostname":"³ÂÌØÁ¢¡®s","pid":5992,"level":20,"msg":"Processed: \u001b[35m_posts/CSS-center.md\u001b[39m","time":"2018-06-06T16:19:03.016Z","v":0}
{"name":"hexo","hostname":"³ÂÌØÁ¢¡®s","pid":5992,"level":20,"msg":"Processed: \u001b[35m_posts/CSS-layout.md\u001b[39m","time":"2018-06-06T16:19:03.017Z","v":0}
{"name":"hexo","hostname":"³ÂÌØÁ¢¡®s","pid":5992,"level":20,"msg":"Processed: \u001b[35m_posts/Cmd-Markdown编辑阅读器.md\u001b[39m","time":"2018-06-06T16:19:03.018Z","v":0}
{"name":"hexo","hostname":"³ÂÌØÁ¢¡®s","pid":5992,"level":20,"msg":"Processed: \u001b[35m_posts/JQuery base.md\u001b[39m","time":"2018-06-06T16:19:03.019Z","v":0}
{"name":"hexo","hostname":"³ÂÌØÁ¢¡®s","pid":5992,"level":20,"msg":"Processed: \u001b[35m_posts/JavaScript-Imooc.md\u001b[39m","time":"2018-06-06T16:19:03.022Z","v":0}
{"name":"hexo","hostname":"³ÂÌØÁ¢¡®s","pid":5992,"level":20,"msg":"Processed: \u001b[35m_posts/JavaScript语法总结（Imooc）.md\u001b[39m","time":"2018-06-06T16:19:03.023Z","v":0}
{"name":"hexo","hostname":"³ÂÌØÁ¢¡®s","pid":5992,"level":20,"msg":"Processed: \u001b[35m_posts/MACIPDNS网关.md\u001b[39m","time":"2018-06-06T16:19:03.025Z","v":0}
{"name":"hexo","hostname":"³ÂÌØÁ¢¡®s","pid":5992,"level":20,"msg":"Processed: \u001b[35m_posts/Shadowsocks.md\u001b[39m","time":"2018-06-06T16:19:03.029Z","v":0}
{"name":"hexo","hostname":"³ÂÌØÁ¢¡®s","pid":5992,"level":20,"msg":"Processed: \u001b[35m_posts/Shadowsocks的设置使用.md\u001b[39m","time":"2018-06-06T16:19:03.031Z","v":0}
{"name":"hexo","hostname":"³ÂÌØÁ¢¡®s","pid":5992,"level":20,"msg":"Processed: \u001b[35m_posts/Talk-Youth.md\u001b[39m","time":"2018-06-06T16:19:03.033Z","v":0}
{"name":"hexo","hostname":"³ÂÌØÁ¢¡®s","pid":5992,"level":20,"msg":"Processed: \u001b[35m_posts/Talk-comment.md\u001b[39m","time":"2018-06-06T16:19:03.034Z","v":0}
{"name":"hexo","hostname":"³ÂÌØÁ¢¡®s","pid":5992,"level":20,"msg":"Processed: \u001b[35m_posts/Talk-musicFestivel.md\u001b[39m","time":"2018-06-06T16:19:03.035Z","v":0}
{"name":"hexo","hostname":"³ÂÌØÁ¢¡®s","pid":5992,"level":20,"msg":"Processed: \u001b[35m_posts/Valine.md\u001b[39m","time":"2018-06-06T16:19:03.037Z","v":0}
{"name":"hexo","hostname":"³ÂÌØÁ¢¡®s","pid":5992,"level":20,"msg":"Processed: \u001b[35m_posts/Vlog：Road-2.md\u001b[39m","time":"2018-06-06T16:19:03.038Z","v":0}
{"name":"hexo","hostname":"³ÂÌØÁ¢¡®s","pid":5992,"level":20,"msg":"Processed: \u001b[35m_posts/flowInfluence.md\u001b[39m","time":"2018-06-06T16:19:03.039Z","v":0}
{"name":"hexo","hostname":"³ÂÌØÁ¢¡®s","pid":5992,"level":20,"msg":"Processed: \u001b[35m_posts/hello-world.md\u001b[39m","time":"2018-06-06T16:19:03.040Z","v":0}
{"name":"hexo","hostname":"³ÂÌØÁ¢¡®s","pid":5992,"level":20,"msg":"Processed: \u001b[35m_posts/windowonload.md\u001b[39m","time":"2018-06-06T16:19:03.042Z","v":0}
{"name":"hexo","hostname":"³ÂÌØÁ¢¡®s","pid":5992,"level":20,"msg":"Processed: \u001b[35m_posts/webReference.md\u001b[39m","time":"2018-06-06T16:19:03.046Z","v":0}
{"name":"hexo","hostname":"³ÂÌØÁ¢¡®s","pid":5992,"level":20,"msg":"Processed: \u001b[35m_data/gallery.yml\u001b[39m","time":"2018-06-06T16:19:03.047Z","v":0}
{"name":"hexo","hostname":"³ÂÌØÁ¢¡®s","pid":5992,"level":20,"msg":"Processed: \u001b[35mabout/index.md\u001b[39m","time":"2018-06-06T16:19:03.049Z","v":0}
{"name":"hexo","hostname":"³ÂÌØÁ¢¡®s","pid":5992,"level":20,"msg":"Processed: \u001b[35mgallery/index.md\u001b[39m","time":"2018-06-06T16:19:03.050Z","v":0}
{"name":"hexo","hostname":"³ÂÌØÁ¢¡®s","pid":5992,"level":20,"msg":"Processed: \u001b[35msong/index.md\u001b[39m","time":"2018-06-06T16:19:03.052Z","v":0}
{"name":"hexo","hostname":"³ÂÌØÁ¢¡®s","pid":5992,"level":20,"msg":"Processed: \u001b[35mimg/(zhaoxi.net)(1).png\u001b[39m","time":"2018-06-06T16:19:03.056Z","v":0}
{"name":"hexo","hostname":"³ÂÌØÁ¢¡®s","pid":5992,"level":20,"msg":"Processed: \u001b[35mimg/11.jpg\u001b[39m","time":"2018-06-06T16:19:03.061Z","v":0}
{"name":"hexo","hostname":"³ÂÌØÁ¢¡®s","pid":5992,"level":20,"msg":"Processed: \u001b[35mimg/2.jpg\u001b[39m","time":"2018-06-06T16:19:03.064Z","v":0}
{"name":"hexo","hostname":"³ÂÌØÁ¢¡®s","pid":5992,"level":20,"msg":"Processed: \u001b[35mimg/315.png\u001b[39m","time":"2018-06-06T16:19:03.066Z","v":0}
{"name":"hexo","hostname":"³ÂÌØÁ¢¡®s","pid":5992,"level":20,"msg":"Processed: \u001b[35mimg/316-2.png\u001b[39m","time":"2018-06-06T16:19:03.069Z","v":0}
{"name":"hexo","hostname":"³ÂÌØÁ¢¡®s","pid":5992,"level":20,"msg":"Processed: \u001b[35mimg/316-3.png\u001b[39m","time":"2018-06-06T16:19:03.070Z","v":0}
{"name":"hexo","hostname":"³ÂÌØÁ¢¡®s","pid":5992,"level":20,"msg":"Processed: \u001b[35mimg/316.png\u001b[39m","time":"2018-06-06T16:19:03.072Z","v":0}
{"name":"hexo","hostname":"³ÂÌØÁ¢¡®s","pid":5992,"level":20,"msg":"Processed: \u001b[35mimg/SS-1.png\u001b[39m","time":"2018-06-06T16:19:03.075Z","v":0}
{"name":"hexo","hostname":"³ÂÌØÁ¢¡®s","pid":5992,"level":20,"msg":"Processed: \u001b[35mimg/forever.jpg\u001b[39m","time":"2018-06-06T16:19:03.081Z","v":0}
{"name":"hexo","hostname":"³ÂÌØÁ¢¡®s","pid":5992,"level":20,"msg":"Processed: \u001b[35mimg/wei.png\u001b[39m","time":"2018-06-06T16:19:03.082Z","v":0}
{"name":"hexo","hostname":"³ÂÌØÁ¢¡®s","pid":5992,"level":20,"msg":"Processed: \u001b[35mtags/index.md\u001b[39m","time":"2018-06-06T16:19:03.102Z","v":0}
{"name":"hexo","hostname":"³ÂÌØÁ¢¡®s","pid":5992,"level":20,"msg":"Processed: \u001b[35mvlog/index.md\u001b[39m","time":"2018-06-06T16:19:03.103Z","v":0}
{"name":"hexo","hostname":"³ÂÌØÁ¢¡®s","pid":5992,"level":20,"msg":"Processed: \u001b[35mimg/12.jpg\u001b[39m","time":"2018-06-06T16:19:03.105Z","v":0}
{"name":"hexo","hostname":"³ÂÌØÁ¢¡®s","pid":5992,"level":20,"msg":"Processed: \u001b[35mimg/8.jpg\u001b[39m","time":"2018-06-06T16:19:03.106Z","v":0}
{"name":"hexo","hostname":"³ÂÌØÁ¢¡®s","pid":5992,"level":20,"msg":"Processed: \u001b[35mimg/SS-2.jpg\u001b[39m","time":"2018-06-06T16:19:03.109Z","v":0}
{"name":"hexo","hostname":"³ÂÌØÁ¢¡®s","pid":5992,"level":20,"msg":"Processed: \u001b[35mimg/316-11.png\u001b[39m","time":"2018-06-06T16:19:03.138Z","v":0}
{"name":"hexo","hostname":"³ÂÌØÁ¢¡®s","pid":5992,"level":20,"msg":"Processed: \u001b[35mimg/316-5.png\u001b[39m","time":"2018-06-06T16:19:03.144Z","v":0}
{"name":"hexo","hostname":"³ÂÌØÁ¢¡®s","pid":5992,"level":20,"msg":"Processed: \u001b[35mimg/bujushuo/3.png\u001b[39m","time":"2018-06-06T16:19:03.146Z","v":0}
{"name":"hexo","hostname":"³ÂÌØÁ¢¡®s","pid":5992,"level":20,"msg":"Processed: \u001b[35mimg/bujushuo/2.png\u001b[39m","time":"2018-06-06T16:19:03.149Z","v":0}
{"name":"hexo","hostname":"³ÂÌØÁ¢¡®s","pid":5992,"level":20,"msg":"Processed: \u001b[35mimg/bujushuo/4.png\u001b[39m","time":"2018-06-06T16:19:03.151Z","v":0}
{"name":"hexo","hostname":"³ÂÌØÁ¢¡®s","pid":5992,"level":20,"msg":"Processed: \u001b[35mimg/bujushuo/5.png\u001b[39m","time":"2018-06-06T16:19:03.153Z","v":0}
{"name":"hexo","hostname":"³ÂÌØÁ¢¡®s","pid":5992,"level":20,"msg":"Processed: \u001b[35mimg/bujushuo/6.png\u001b[39m","time":"2018-06-06T16:19:03.155Z","v":0}
{"name":"hexo","hostname":"³ÂÌØÁ¢¡®s","pid":5992,"level":20,"msg":"Processed: \u001b[35mimg/gallery1.jpg\u001b[39m","time":"2018-06-06T16:19:03.156Z","v":0}
{"name":"hexo","hostname":"³ÂÌØÁ¢¡®s","pid":5992,"level":20,"msg":"Processed: \u001b[35mimg/316-10.png\u001b[39m","time":"2018-06-06T16:19:03.165Z","v":0}
{"name":"hexo","hostname":"³ÂÌØÁ¢¡®s","pid":5992,"level":20,"msg":"Processed: \u001b[35mimg/316-12.png\u001b[39m","time":"2018-06-06T16:19:03.167Z","v":0}
{"name":"hexo","hostname":"³ÂÌØÁ¢¡®s","pid":5992,"level":20,"msg":"Processed: \u001b[35mimg/bujushuo/1.png\u001b[39m","time":"2018-06-06T16:19:03.169Z","v":0}
{"name":"hexo","hostname":"³ÂÌØÁ¢¡®s","pid":5992,"level":20,"msg":"Processed: \u001b[35mimg/gallery10.jpg\u001b[39m","time":"2018-06-06T16:19:03.171Z","v":0}
{"name":"hexo","hostname":"³ÂÌØÁ¢¡®s","pid":5992,"level":20,"msg":"Processed: \u001b[35mimg/triangle/1.png\u001b[39m","time":"2018-06-06T16:19:03.173Z","v":0}
{"name":"hexo","hostname":"³ÂÌØÁ¢¡®s","pid":5992,"level":20,"msg":"Processed: \u001b[35msource/css/style.styl\u001b[39m","time":"2018-06-06T16:19:03.175Z","v":0}
{"name":"hexo","hostname":"³ÂÌØÁ¢¡®s","pid":5992,"level":20,"msg":"Theme config loaded.","time":"2018-06-06T16:19:03.186Z","v":0}
{"name":"hexo","hostname":"³ÂÌØÁ¢¡®s","pid":5992,"level":20,"msg":"Processed: \u001b[35m_config.yml\u001b[39m","time":"2018-06-06T16:19:03.188Z","v":0}
{"name":"hexo","hostname":"³ÂÌØÁ¢¡®s","pid":5992,"level":20,"msg":"Processed: \u001b[35mimg/14.jpg\u001b[39m","time":"2018-06-06T16:19:03.190Z","v":0}
{"name":"hexo","hostname":"³ÂÌØÁ¢¡®s","pid":5992,"level":20,"msg":"Processed: \u001b[35mimg/15.jpg\u001b[39m","time":"2018-06-06T16:19:03.193Z","v":0}
{"name":"hexo","hostname":"³ÂÌØÁ¢¡®s","pid":5992,"level":20,"msg":"Processed: \u001b[35mimg/316-4.png\u001b[39m","time":"2018-06-06T16:19:03.195Z","v":0}
{"name":"hexo","hostname":"³ÂÌØÁ¢¡®s","pid":5992,"level":20,"msg":"Processed: \u001b[35mimg/9.jpg\u001b[39m","time":"2018-06-06T16:19:03.196Z","v":0}
{"name":"hexo","hostname":"³ÂÌØÁ¢¡®s","pid":5992,"level":20,"msg":"Processed: \u001b[35mimg/gallery2.jpg\u001b[39m","time":"2018-06-06T16:19:03.197Z","v":0}
{"name":"hexo","hostname":"³ÂÌØÁ¢¡®s","pid":5992,"level":20,"msg":"Processed: \u001b[35mimg/gallery4.jpg\u001b[39m","time":"2018-06-06T16:19:03.198Z","v":0}
{"name":"hexo","hostname":"³ÂÌØÁ¢¡®s","pid":5992,"level":20,"msg":"Processed: \u001b[35mlayout/archive.ejs\u001b[39m","time":"2018-06-06T16:19:03.213Z","v":0}
{"name":"hexo","hostname":"³ÂÌØÁ¢¡®s","pid":5992,"level":20,"msg":"Processed: \u001b[35mlayout/index.ejs\u001b[39m","time":"2018-06-06T16:19:03.215Z","v":0}
{"name":"hexo","hostname":"³ÂÌØÁ¢¡®s","pid":5992,"level":20,"msg":"Processed: \u001b[35mlayout/layout.ejs\u001b[39m","time":"2018-06-06T16:19:03.216Z","v":0}
{"name":"hexo","hostname":"³ÂÌØÁ¢¡®s","pid":5992,"level":20,"msg":"Processed: \u001b[35mlayout/post.ejs\u001b[39m","time":"2018-06-06T16:19:03.217Z","v":0}
{"name":"hexo","hostname":"³ÂÌØÁ¢¡®s","pid":5992,"level":20,"msg":"Processed: \u001b[35mlanguages/fefault.yml\u001b[39m","time":"2018-06-06T16:19:03.219Z","v":0}
{"name":"hexo","hostname":"³ÂÌØÁ¢¡®s","pid":5992,"level":20,"msg":"Processed: \u001b[35mlanguages/zh-CN.yml\u001b[39m","time":"2018-06-06T16:19:03.220Z","v":0}
{"name":"hexo","hostname":"³ÂÌØÁ¢¡®s","pid":5992,"level":20,"msg":"Processed: \u001b[35mimg/316-1.png\u001b[39m","time":"2018-06-06T16:19:03.222Z","v":0}
{"name":"hexo","hostname":"³ÂÌØÁ¢¡®s","pid":5992,"level":20,"msg":"Processed: \u001b[35mimg/316-13.png\u001b[39m","time":"2018-06-06T16:19:03.224Z","v":0}
{"name":"hexo","hostname":"³ÂÌØÁ¢¡®s","pid":5992,"level":20,"msg":"Processed: \u001b[35mimg/316-8.png\u001b[39m","time":"2018-06-06T16:19:03.227Z","v":0}
{"name":"hexo","hostname":"³ÂÌØÁ¢¡®s","pid":5992,"level":20,"msg":"Processed: \u001b[35mimg/gallery3.jpg\u001b[39m","time":"2018-06-06T16:19:03.229Z","v":0}
{"name":"hexo","hostname":"³ÂÌØÁ¢¡®s","pid":5992,"level":20,"msg":"Processed: \u001b[35mimg/gallery8.jpg\u001b[39m","time":"2018-06-06T16:19:03.230Z","v":0}
{"name":"hexo","hostname":"³ÂÌØÁ¢¡®s","pid":5992,"level":20,"msg":"Processed: \u001b[35mimg/316-7.png\u001b[39m","time":"2018-06-06T16:19:03.236Z","v":0}
{"name":"hexo","hostname":"³ÂÌØÁ¢¡®s","pid":5992,"level":20,"msg":"Processed: \u001b[35mimg/316-9.png\u001b[39m","time":"2018-06-06T16:19:03.238Z","v":0}
{"name":"hexo","hostname":"³ÂÌØÁ¢¡®s","pid":5992,"level":20,"msg":"Processed: \u001b[35mlayout/_partial/head.ejs\u001b[39m","time":"2018-06-06T16:19:03.247Z","v":0}
{"name":"hexo","hostname":"³ÂÌØÁ¢¡®s","pid":5992,"level":20,"msg":"Processed: \u001b[35mlayout/_partial/paginator.ejs\u001b[39m","time":"2018-06-06T16:19:03.248Z","v":0}
{"name":"hexo","hostname":"³ÂÌØÁ¢¡®s","pid":5992,"level":20,"msg":"Processed: \u001b[35mlayout/_partial/header.ejs\u001b[39m","time":"2018-06-06T16:19:03.250Z","v":0}
{"name":"hexo","hostname":"³ÂÌØÁ¢¡®s","pid":5992,"level":20,"msg":"Processed: \u001b[35mimg/10.jpg\u001b[39m","time":"2018-06-06T16:19:03.263Z","v":0}
{"name":"hexo","hostname":"³ÂÌØÁ¢¡®s","pid":5992,"level":20,"msg":"Processed: \u001b[35mimg/3.jpg\u001b[39m","time":"2018-06-06T16:19:03.266Z","v":0}
{"name":"hexo","hostname":"³ÂÌØÁ¢¡®s","pid":5992,"level":20,"msg":"Processed: \u001b[35mimg/4.jpg\u001b[39m","time":"2018-06-06T16:19:03.268Z","v":0}
{"name":"hexo","hostname":"³ÂÌØÁ¢¡®s","pid":5992,"level":20,"msg":"Processed: \u001b[35mimg/13.jpg\u001b[39m","time":"2018-06-06T16:19:03.303Z","v":0}
{"name":"hexo","hostname":"³ÂÌØÁ¢¡®s","pid":5992,"level":20,"msg":"Processed: \u001b[35mimg/316-6.png\u001b[39m","time":"2018-06-06T16:19:03.304Z","v":0}
{"name":"hexo","hostname":"³ÂÌØÁ¢¡®s","pid":5992,"level":20,"msg":"Processed: \u001b[35mimg/16.jpg\u001b[39m","time":"2018-06-06T16:19:03.311Z","v":0}
{"name":"hexo","hostname":"³ÂÌØÁ¢¡®s","pid":5992,"level":20,"msg":"Processed: \u001b[35mimg/6.jpg\u001b[39m","time":"2018-06-06T16:19:03.316Z","v":0}
{"name":"hexo","hostname":"³ÂÌØÁ¢¡®s","pid":5992,"level":20,"msg":"Processed: \u001b[35mimg/gallery5.jpg\u001b[39m","time":"2018-06-06T16:19:03.321Z","v":0}
{"name":"hexo","hostname":"³ÂÌØÁ¢¡®s","pid":5992,"level":20,"msg":"Processed: \u001b[35mimg/17.jpg\u001b[39m","time":"2018-06-06T16:19:03.325Z","v":0}
{"name":"hexo","hostname":"³ÂÌØÁ¢¡®s","pid":5992,"level":20,"msg":"Processed: \u001b[35mimg/843753922781094283 (2).jpg\u001b[39m","time":"2018-06-06T16:19:03.334Z","v":0}
{"name":"hexo","hostname":"³ÂÌØÁ¢¡®s","pid":5992,"level":20,"msg":"Processed: \u001b[35mimg/P7101027.jpg\u001b[39m","time":"2018-06-06T16:19:03.335Z","v":0}
{"name":"hexo","hostname":"³ÂÌØÁ¢¡®s","pid":5992,"level":20,"msg":"Processed: \u001b[35mimg/gallery6.jpg\u001b[39m","time":"2018-06-06T16:19:03.336Z","v":0}
{"name":"hexo","hostname":"³ÂÌØÁ¢¡®s","pid":5992,"level":20,"msg":"Processed: \u001b[35mimg/gallery7.jpg\u001b[39m","time":"2018-06-06T16:19:03.338Z","v":0}
{"name":"hexo","hostname":"³ÂÌØÁ¢¡®s","pid":5992,"level":20,"msg":"Processed: \u001b[35mimg/155175174638543756 (2).jpg\u001b[39m","time":"2018-06-06T16:19:03.342Z","v":0}
{"name":"hexo","hostname":"³ÂÌØÁ¢¡®s","pid":5992,"level":20,"msg":"Processed: \u001b[35mimg/gallery9.jpg\u001b[39m","time":"2018-06-06T16:19:03.344Z","v":0}
{"name":"hexo","hostname":"³ÂÌØÁ¢¡®s","pid":5992,"level":20,"msg":"Processed: \u001b[35mimg/18.jpg\u001b[39m","time":"2018-06-06T16:19:03.347Z","v":0}
{"name":"hexo","hostname":"³ÂÌØÁ¢¡®s","pid":5992,"level":20,"msg":"Processed: \u001b[35mimg/7.jpg\u001b[39m","time":"2018-06-06T16:19:03.350Z","v":0}
{"name":"hexo","hostname":"³ÂÌØÁ¢¡®s","pid":5992,"level":20,"msg":"Processed: \u001b[35mimg/5.jpg\u001b[39m","time":"2018-06-06T16:19:03.353Z","v":0}
{"name":"hexo","hostname":"³ÂÌØÁ¢¡®s","pid":5992,"level":20,"msg":"Processed: \u001b[35mimg/微信图片_20170813203725.jpg\u001b[39m","time":"2018-06-06T16:19:03.366Z","v":0}
{"name":"hexo","hostname":"³ÂÌØÁ¢¡®s","pid":5992,"level":20,"msg":"Processed: \u001b[35mimg/19.jpg\u001b[39m","time":"2018-06-06T16:19:03.371Z","v":0}
{"name":"hexo","hostname":"³ÂÌØÁ¢¡®s","pid":5992,"level":20,"msg":"Processed: \u001b[35mimg/20.jpg\u001b[39m","time":"2018-06-06T16:19:03.375Z","v":0}
{"name":"hexo","hostname":"³ÂÌØÁ¢¡®s","pid":5992,"level":20,"msg":"Processed: \u001b[35mimg/694778794778204280.jpg\u001b[39m","time":"2018-06-06T16:19:03.419Z","v":0}
{"name":"hexo","hostname":"³ÂÌØÁ¢¡®s","pid":5992,"level":20,"msg":"Processed: \u001b[35m_posts/CSS实现三角形小箭头(未修).md\u001b[39m","time":"2018-06-06T16:19:03.430Z","v":0}
{"name":"hexo","hostname":"³ÂÌØÁ¢¡®s","pid":5992,"level":20,"msg":"Processed: \u001b[35m_posts/CSS布局说.md\u001b[39m","time":"2018-06-06T16:19:03.433Z","v":0}
{"name":"hexo","hostname":"³ÂÌØÁ¢¡®s","pid":5992,"level":20,"msg":"Processed: \u001b[35m_posts/CSS常见属性.md\u001b[39m","time":"2018-06-06T16:19:03.434Z","v":0}
{"name":"hexo","hostname":"³ÂÌØÁ¢¡®s","pid":5992,"level":20,"msg":"Processed: \u001b[35m_posts/CSS的垂直水平居中.md\u001b[39m","time":"2018-06-06T16:19:03.435Z","v":0}
{"name":"hexo","hostname":"³ÂÌØÁ¢¡®s","pid":5992,"level":20,"msg":"Processed: \u001b[35m_posts/JQuery基础总结（一）.md\u001b[39m","time":"2018-06-06T16:19:03.437Z","v":0}
{"name":"hexo","hostname":"³ÂÌØÁ¢¡®s","pid":5992,"level":20,"msg":"Processed: \u001b[35m_posts/MAC地址、IP地址、子网掩码、域名、DNS、网关（未修）.md\u001b[39m","time":"2018-06-06T16:19:03.438Z","v":0}
{"name":"hexo","hostname":"³ÂÌØÁ¢¡®s","pid":5992,"level":20,"msg":"Processed: \u001b[35m_posts/好用的Valine.md\u001b[39m","time":"2018-06-06T16:19:03.441Z","v":0}
{"name":"hexo","hostname":"³ÂÌØÁ¢¡®s","pid":5992,"level":20,"msg":"Processed: \u001b[35m_posts/浮动负作用的四种解决办法.md\u001b[39m","time":"2018-06-06T16:19:03.445Z","v":0}
{"name":"hexo","hostname":"³ÂÌØÁ¢¡®s","pid":5992,"level":20,"msg":"Processed: \u001b[35m_posts/网页命名参考.md\u001b[39m","time":"2018-06-06T16:19:03.449Z","v":0}
{"name":"hexo","hostname":"³ÂÌØÁ¢¡®s","pid":5992,"level":20,"msg":"Processed: \u001b[35m_posts/随记（一）：总有一天我会在朋友圈消失.md\u001b[39m","time":"2018-06-06T16:19:03.450Z","v":0}
{"name":"hexo","hostname":"³ÂÌØÁ¢¡®s","pid":5992,"level":20,"msg":"Processed: \u001b[35m_posts/随记（三）：因为年轻-所以放浪.md\u001b[39m","time":"2018-06-06T16:19:03.452Z","v":0}
{"name":"hexo","hostname":"³ÂÌØÁ¢¡®s","pid":5992,"level":20,"msg":"Processed: \u001b[35m_posts/随记（二）：第一次在草莓音乐节装逼的正确姿势.md\u001b[39m","time":"2018-06-06T16:19:03.453Z","v":0}
{"name":"hexo","hostname":"³ÂÌØÁ¢¡®s","pid":5992,"level":20,"msg":"Processed: \u001b[35m_posts/JS中window.onload用法详解.md\u001b[39m","time":"2018-06-06T16:19:03.455Z","v":0}
{"name":"hexo","hostname":"³ÂÌØÁ¢¡®s","pid":5992,"level":20,"msg":"Generator: \u001b[35mpage\u001b[39m","time":"2018-06-06T16:19:03.640Z","v":0}
{"name":"hexo","hostname":"³ÂÌØÁ¢¡®s","pid":5992,"level":20,"msg":"Generator: \u001b[35mpost\u001b[39m","time":"2018-06-06T16:19:03.643Z","v":0}
{"name":"hexo","hostname":"³ÂÌØÁ¢¡®s","pid":5992,"level":20,"msg":"Generator: \u001b[35marchive\u001b[39m","time":"2018-06-06T16:19:03.644Z","v":0}
{"name":"hexo","hostname":"³ÂÌØÁ¢¡®s","pid":5992,"level":20,"msg":"Generator: \u001b[35mcategory\u001b[39m","time":"2018-06-06T16:19:03.646Z","v":0}
{"name":"hexo","hostname":"³ÂÌØÁ¢¡®s","pid":5992,"level":20,"msg":"Generator: \u001b[35mindex\u001b[39m","time":"2018-06-06T16:19:03.650Z","v":0}
{"name":"hexo","hostname":"³ÂÌØÁ¢¡®s","pid":5992,"level":20,"msg":"Generator: \u001b[35mtag\u001b[39m","time":"2018-06-06T16:19:03.651Z","v":0}
{"name":"hexo","hostname":"³ÂÌØÁ¢¡®s","pid":5992,"level":20,"msg":"Generator: \u001b[35masset\u001b[39m","time":"2018-06-06T16:19:03.655Z","v":0}
{"name":"hexo","hostname":"³ÂÌØÁ¢¡®s","pid":5992,"level":30,"msg":"Hexo is running at \u001b[4mhttp://localhost:4000/\u001b[24m. Press Ctrl+C to stop.","time":"2018-06-06T16:19:03.682Z","v":0}
{"name":"hexo","hostname":"³ÂÌØÁ¢¡®s","pid":5992,"level":20,"msg":"Database saved","time":"2018-06-06T16:19:03.747Z","v":0}
{"name":"hexo","hostname":"³ÂÌØÁ¢¡®s","pid":5992,"level":20,"msg":"Rendering index: \u001b[35mindex.html\u001b[39m","time":"2018-06-06T16:19:07.481Z","v":0}
{"name":"hexo","hostname":"³ÂÌØÁ¢¡®s","pid":5992,"level":20,"msg":"Processed: \u001b[35mlayout/_partial/header.ejs\u001b[39m","time":"2018-06-06T16:19:42.465Z","v":0}
{"name":"hexo","hostname":"³ÂÌØÁ¢¡®s","pid":5992,"level":20,"msg":"Generator: \u001b[35mpage\u001b[39m","time":"2018-06-06T16:19:42.794Z","v":0}
{"name":"hexo","hostname":"³ÂÌØÁ¢¡®s","pid":5992,"level":20,"msg":"Generator: \u001b[35mpost\u001b[39m","time":"2018-06-06T16:19:42.807Z","v":0}
{"name":"hexo","hostname":"³ÂÌØÁ¢¡®s","pid":5992,"level":20,"msg":"Generator: \u001b[35marchive\u001b[39m","time":"2018-06-06T16:19:42.809Z","v":0}
{"name":"hexo","hostname":"³ÂÌØÁ¢¡®s","pid":5992,"level":20,"msg":"Generator: \u001b[35mcategory\u001b[39m","time":"2018-06-06T16:19:42.811Z","v":0}
{"name":"hexo","hostname":"³ÂÌØÁ¢¡®s","pid":5992,"level":20,"msg":"Generator: \u001b[35mindex\u001b[39m","time":"2018-06-06T16:19:42.821Z","v":0}
{"name":"hexo","hostname":"³ÂÌØÁ¢¡®s","pid":5992,"level":20,"msg":"Generator: \u001b[35mtag\u001b[39m","time":"2018-06-06T16:19:42.824Z","v":0}
{"name":"hexo","hostname":"³ÂÌØÁ¢¡®s","pid":5992,"level":20,"msg":"Generator: \u001b[35masset\u001b[39m","time":"2018-06-06T16:19:42.836Z","v":0}
{"name":"hexo","hostname":"³ÂÌØÁ¢¡®s","pid":5992,"level":20,"msg":"Rendering index: \u001b[35mindex.html\u001b[39m","time":"2018-06-06T16:19:45.180Z","v":0}
{"name":"hexo","hostname":"³ÂÌØÁ¢¡®s","pid":5992,"level":20,"msg":"Processed: \u001b[35mlayout/_partial/header.ejs\u001b[39m","time":"2018-06-06T16:19:56.500Z","v":0}
{"name":"hexo","hostname":"³ÂÌØÁ¢¡®s","pid":5992,"level":20,"msg":"Generator: \u001b[35mpage\u001b[39m","time":"2018-06-06T16:19:56.837Z","v":0}
{"name":"hexo","hostname":"³ÂÌØÁ¢¡®s","pid":5992,"level":20,"msg":"Generator: \u001b[35mpost\u001b[39m","time":"2018-06-06T16:19:56.839Z","v":0}
{"name":"hexo","hostname":"³ÂÌØÁ¢¡®s","pid":5992,"level":20,"msg":"Generator: \u001b[35marchive\u001b[39m","time":"2018-06-06T16:19:56.857Z","v":0}
{"name":"hexo","hostname":"³ÂÌØÁ¢¡®s","pid":5992,"level":20,"msg":"Generator: \u001b[35mcategory\u001b[39m","time":"2018-06-06T16:19:56.858Z","v":0}
{"name":"hexo","hostname":"³ÂÌØÁ¢¡®s","pid":5992,"level":20,"msg":"Generator: \u001b[35mindex\u001b[39m","time":"2018-06-06T16:19:56.863Z","v":0}
{"name":"hexo","hostname":"³ÂÌØÁ¢¡®s","pid":5992,"level":20,"msg":"Generator: \u001b[35mtag\u001b[39m","time":"2018-06-06T16:19:56.864Z","v":0}
{"name":"hexo","hostname":"³ÂÌØÁ¢¡®s","pid":5992,"level":20,"msg":"Generator: \u001b[35masset\u001b[39m","time":"2018-06-06T16:19:56.914Z","v":0}
{"name":"hexo","hostname":"³ÂÌØÁ¢¡®s","pid":5992,"level":20,"msg":"Rendering index: \u001b[35mindex.html\u001b[39m","time":"2018-06-06T16:19:59.190Z","v":0}
{"name":"hexo","hostname":"³ÂÌØÁ¢¡®s","pid":5992,"level":20,"msg":"Rendering index: \u001b[35mindex.html\u001b[39m","time":"2018-06-06T16:19:59.855Z","v":0}
{"name":"hexo","hostname":"³ÂÌØÁ¢¡®s","pid":5992,"level":20,"msg":"Rendering index: \u001b[35mpage/2/index.html\u001b[39m","time":"2018-06-06T16:22:14.115Z","v":0}
{"name":"hexo","hostname":"³ÂÌØÁ¢¡®s","pid":5992,"level":30,"msg":"Good bye","time":"2018-06-07T00:49:56.242Z","v":0}
{"name":"hexo","hostname":"³ÂÌØÁ¢¡®s","pid":5992,"level":20,"msg":"Database saved","time":"2018-06-07T00:49:56.361Z","v":0}
